{"C:\\Users\\jetam\\Documents\\Bootcamps\\Springboard\\nodejs\\exercises\\express-biztime\\app.js": {"path":"C:\\Users\\jetam\\Documents\\Bootcamps\\Springboard\\nodejs\\exercises\\express-biztime\\app.js","statementMap":{"0":{"start":{"line":4,"column":16},"end":{"line":4,"column":34}},"1":{"start":{"line":6,"column":12},"end":{"line":6,"column":21}},"2":{"start":{"line":7,"column":21},"end":{"line":7,"column":46}},"3":{"start":{"line":9,"column":0},"end":{"line":9,"column":24}},"4":{"start":{"line":12,"column":22},"end":{"line":12,"column":51}},"5":{"start":{"line":13,"column":22},"end":{"line":13,"column":50}},"6":{"start":{"line":14,"column":0},"end":{"line":14,"column":37}},"7":{"start":{"line":15,"column":0},"end":{"line":15,"column":35}},"8":{"start":{"line":21,"column":0},"end":{"line":24,"column":3}},"9":{"start":{"line":22,"column":14},"end":{"line":22,"column":48}},"10":{"start":{"line":23,"column":2},"end":{"line":23,"column":19}},"11":{"start":{"line":28,"column":0},"end":{"line":35,"column":3}},"12":{"start":{"line":29,"column":2},"end":{"line":29,"column":32}},"13":{"start":{"line":31,"column":2},"end":{"line":34,"column":5}},"14":{"start":{"line":38,"column":0},"end":{"line":38,"column":21}}},"fnMap":{"0":{"name":"(anonymous_0)","decl":{"start":{"line":21,"column":8},"end":{"line":21,"column":9}},"loc":{"start":{"line":21,"column":33},"end":{"line":24,"column":1}},"line":21},"1":{"name":"(anonymous_1)","decl":{"start":{"line":28,"column":8},"end":{"line":28,"column":9}},"loc":{"start":{"line":28,"column":33},"end":{"line":35,"column":1}},"line":28}},"branchMap":{"0":{"loc":{"start":{"line":29,"column":13},"end":{"line":29,"column":30}},"type":"binary-expr","locations":[{"start":{"line":29,"column":13},"end":{"line":29,"column":23}},{"start":{"line":29,"column":27},"end":{"line":29,"column":30}}],"line":29}},"s":{"0":2,"1":2,"2":2,"3":2,"4":2,"5":2,"6":2,"7":2,"8":2,"9":0,"10":0,"11":2,"12":5,"13":5,"14":2},"f":{"0":0,"1":5},"b":{"0":[5,0]},"_coverageSchema":"1a1c01bbd47fc00a2c39e90264f33305004495a9","hash":"58eee04fa7b6c3fc91b29df18b270684072e0706"}
,"C:\\Users\\jetam\\Documents\\Bootcamps\\Springboard\\nodejs\\exercises\\express-biztime\\db.js": {"path":"C:\\Users\\jetam\\Documents\\Bootcamps\\Springboard\\nodejs\\exercises\\express-biztime\\db.js","statementMap":{"0":{"start":{"line":2,"column":19},"end":{"line":2,"column":32}},"1":{"start":{"line":5,"column":0},"end":{"line":10,"column":1}},"2":{"start":{"line":6,"column":2},"end":{"line":6,"column":40}},"3":{"start":{"line":9,"column":2},"end":{"line":9,"column":35}},"4":{"start":{"line":12,"column":9},"end":{"line":14,"column":2}},"5":{"start":{"line":16,"column":0},"end":{"line":16,"column":13}},"6":{"start":{"line":18,"column":0},"end":{"line":18,"column":20}}},"fnMap":{},"branchMap":{"0":{"loc":{"start":{"line":5,"column":0},"end":{"line":10,"column":1}},"type":"if","locations":[{"start":{"line":5,"column":0},"end":{"line":10,"column":1}},{"start":{"line":5,"column":0},"end":{"line":10,"column":1}}],"line":5}},"s":{"0":2,"1":2,"2":2,"3":0,"4":2,"5":2,"6":2},"f":{},"b":{"0":[2,0]},"_coverageSchema":"1a1c01bbd47fc00a2c39e90264f33305004495a9","hash":"1461341f4e0ddf2369a582a6748b1ef3cf821a42"}
,"C:\\Users\\jetam\\Documents\\Bootcamps\\Springboard\\nodejs\\exercises\\express-biztime\\expressError.js": {"path":"C:\\Users\\jetam\\Documents\\Bootcamps\\Springboard\\nodejs\\exercises\\express-biztime\\expressError.js","statementMap":{"0":{"start":{"line":9,"column":4},"end":{"line":9,"column":12}},"1":{"start":{"line":10,"column":4},"end":{"line":10,"column":27}},"2":{"start":{"line":11,"column":4},"end":{"line":11,"column":25}},"3":{"start":{"line":17,"column":0},"end":{"line":17,"column":30}}},"fnMap":{"0":{"name":"(anonymous_0)","decl":{"start":{"line":8,"column":2},"end":{"line":8,"column":3}},"loc":{"start":{"line":8,"column":31},"end":{"line":13,"column":3}},"line":8}},"branchMap":{},"s":{"0":5,"1":5,"2":5,"3":2},"f":{"0":5},"b":{},"_coverageSchema":"1a1c01bbd47fc00a2c39e90264f33305004495a9","hash":"19771ea42173ff83d4e0507bec9399342308a5ab"}
,"C:\\Users\\jetam\\Documents\\Bootcamps\\Springboard\\nodejs\\exercises\\express-biztime\\routes\\companies.js": {"path":"C:\\Users\\jetam\\Documents\\Bootcamps\\Springboard\\nodejs\\exercises\\express-biztime\\routes\\companies.js","statementMap":{"0":{"start":{"line":1,"column":16},"end":{"line":1,"column":34}},"1":{"start":{"line":2,"column":15},"end":{"line":2,"column":31}},"2":{"start":{"line":3,"column":11},"end":{"line":3,"column":30}},"3":{"start":{"line":4,"column":21},"end":{"line":4,"column":50}},"4":{"start":{"line":10,"column":0},"end":{"line":17,"column":2}},"5":{"start":{"line":11,"column":2},"end":{"line":16,"column":3}},"6":{"start":{"line":12,"column":20},"end":{"line":12,"column":84}},"7":{"start":{"line":13,"column":4},"end":{"line":13,"column":48}},"8":{"start":{"line":15,"column":4},"end":{"line":15,"column":22}},"9":{"start":{"line":22,"column":0},"end":{"line":50,"column":2}},"10":{"start":{"line":23,"column":2},"end":{"line":49,"column":3}},"11":{"start":{"line":24,"column":21},"end":{"line":24,"column":31}},"12":{"start":{"line":26,"column":23},"end":{"line":31,"column":5}},"13":{"start":{"line":32,"column":22},"end":{"line":37,"column":5}},"14":{"start":{"line":39,"column":4},"end":{"line":39,"column":106}},"15":{"start":{"line":39,"column":38},"end":{"line":39,"column":106}},"16":{"start":{"line":41,"column":20},"end":{"line":41,"column":38}},"17":{"start":{"line":42,"column":21},"end":{"line":42,"column":35}},"18":{"start":{"line":44,"column":4},"end":{"line":44,"column":51}},"19":{"start":{"line":44,"column":43},"end":{"line":44,"column":49}},"20":{"start":{"line":46,"column":4},"end":{"line":46,"column":42}},"21":{"start":{"line":48,"column":4},"end":{"line":48,"column":22}},"22":{"start":{"line":56,"column":0},"end":{"line":64,"column":2}},"23":{"start":{"line":57,"column":2},"end":{"line":63,"column":3}},"24":{"start":{"line":58,"column":38},"end":{"line":58,"column":46}},"25":{"start":{"line":59,"column":20},"end":{"line":59,"column":145}},"26":{"start":{"line":60,"column":4},"end":{"line":60,"column":61}},"27":{"start":{"line":62,"column":4},"end":{"line":62,"column":22}},"28":{"start":{"line":70,"column":0},"end":{"line":80,"column":2}},"29":{"start":{"line":71,"column":2},"end":{"line":79,"column":3}},"30":{"start":{"line":72,"column":22},"end":{"line":72,"column":37}},"31":{"start":{"line":73,"column":39},"end":{"line":73,"column":47}},"32":{"start":{"line":74,"column":20},"end":{"line":74,"column":178}},"33":{"start":{"line":75,"column":4},"end":{"line":75,"column":114}},"34":{"start":{"line":75,"column":32},"end":{"line":75,"column":114}},"35":{"start":{"line":76,"column":4},"end":{"line":76,"column":49}},"36":{"start":{"line":78,"column":4},"end":{"line":78,"column":22}},"37":{"start":{"line":86,"column":0},"end":{"line":95,"column":2}},"38":{"start":{"line":87,"column":2},"end":{"line":94,"column":3}},"39":{"start":{"line":88,"column":21},"end":{"line":88,"column":31}},"40":{"start":{"line":89,"column":20},"end":{"line":89,"column":84}},"41":{"start":{"line":90,"column":4},"end":{"line":90,"column":110}},"42":{"start":{"line":90,"column":32},"end":{"line":90,"column":110}},"43":{"start":{"line":91,"column":4},"end":{"line":91,"column":38}},"44":{"start":{"line":93,"column":4},"end":{"line":93,"column":22}},"45":{"start":{"line":97,"column":0},"end":{"line":97,"column":24}}},"fnMap":{"0":{"name":"(anonymous_0)","decl":{"start":{"line":10,"column":16},"end":{"line":10,"column":17}},"loc":{"start":{"line":10,"column":43},"end":{"line":17,"column":1}},"line":10},"1":{"name":"(anonymous_1)","decl":{"start":{"line":22,"column":21},"end":{"line":22,"column":22}},"loc":{"start":{"line":22,"column":48},"end":{"line":50,"column":1}},"line":22},"2":{"name":"(anonymous_2)","decl":{"start":{"line":44,"column":36},"end":{"line":44,"column":37}},"loc":{"start":{"line":44,"column":43},"end":{"line":44,"column":49}},"line":44},"3":{"name":"(anonymous_3)","decl":{"start":{"line":56,"column":17},"end":{"line":56,"column":18}},"loc":{"start":{"line":56,"column":44},"end":{"line":64,"column":1}},"line":56},"4":{"name":"(anonymous_4)","decl":{"start":{"line":70,"column":21},"end":{"line":70,"column":22}},"loc":{"start":{"line":70,"column":48},"end":{"line":80,"column":1}},"line":70},"5":{"name":"(anonymous_5)","decl":{"start":{"line":86,"column":24},"end":{"line":86,"column":25}},"loc":{"start":{"line":86,"column":51},"end":{"line":95,"column":1}},"line":86}},"branchMap":{"0":{"loc":{"start":{"line":39,"column":4},"end":{"line":39,"column":106}},"type":"if","locations":[{"start":{"line":39,"column":4},"end":{"line":39,"column":106}},{"start":{"line":39,"column":4},"end":{"line":39,"column":106}}],"line":39},"1":{"loc":{"start":{"line":75,"column":4},"end":{"line":75,"column":114}},"type":"if","locations":[{"start":{"line":75,"column":4},"end":{"line":75,"column":114}},{"start":{"line":75,"column":4},"end":{"line":75,"column":114}}],"line":75},"2":{"loc":{"start":{"line":90,"column":4},"end":{"line":90,"column":110}},"type":"if","locations":[{"start":{"line":90,"column":4},"end":{"line":90,"column":110}},{"start":{"line":90,"column":4},"end":{"line":90,"column":110}}],"line":90}},"s":{"0":2,"1":2,"2":2,"3":2,"4":2,"5":1,"6":1,"7":1,"8":0,"9":2,"10":1,"11":1,"12":1,"13":1,"14":1,"15":0,"16":1,"17":1,"18":1,"19":1,"20":1,"21":0,"22":2,"23":1,"24":1,"25":1,"26":1,"27":0,"28":2,"29":3,"30":3,"31":3,"32":3,"33":3,"34":2,"35":1,"36":2,"37":2,"38":2,"39":2,"40":2,"41":2,"42":1,"43":1,"44":1,"45":2},"f":{"0":1,"1":1,"2":1,"3":1,"4":3,"5":2},"b":{"0":[0,1],"1":[2,1],"2":[1,1]},"_coverageSchema":"1a1c01bbd47fc00a2c39e90264f33305004495a9","hash":"0cbec58c7b163da52006a01c8ecc13e2556fc2c2"}
,"C:\\Users\\jetam\\Documents\\Bootcamps\\Springboard\\nodejs\\exercises\\express-biztime\\routes\\invoices.js": {"path":"C:\\Users\\jetam\\Documents\\Bootcamps\\Springboard\\nodejs\\exercises\\express-biztime\\routes\\invoices.js","statementMap":{"0":{"start":{"line":2,"column":16},"end":{"line":2,"column":34}},"1":{"start":{"line":3,"column":15},"end":{"line":3,"column":31}},"2":{"start":{"line":4,"column":11},"end":{"line":4,"column":30}},"3":{"start":{"line":5,"column":21},"end":{"line":5,"column":50}},"4":{"start":{"line":11,"column":0},"end":{"line":18,"column":2}},"5":{"start":{"line":12,"column":2},"end":{"line":17,"column":3}},"6":{"start":{"line":13,"column":20},"end":{"line":13,"column":72}},"7":{"start":{"line":14,"column":4},"end":{"line":14,"column":47}},"8":{"start":{"line":16,"column":4},"end":{"line":16,"column":22}},"9":{"start":{"line":23,"column":0},"end":{"line":43,"column":2}},"10":{"start":{"line":24,"column":2},"end":{"line":42,"column":3}},"11":{"start":{"line":25,"column":19},"end":{"line":25,"column":29}},"12":{"start":{"line":26,"column":23},"end":{"line":26,"column":94}},"13":{"start":{"line":27,"column":4},"end":{"line":27,"column":115}},"14":{"start":{"line":27,"column":38},"end":{"line":27,"column":115}},"15":{"start":{"line":29,"column":4},"end":{"line":29,"column":13}},"16":{"start":{"line":30,"column":22},"end":{"line":30,"column":50}},"17":{"start":{"line":31,"column":24},"end":{"line":31,"column":116}},"18":{"start":{"line":34,"column":20},"end":{"line":34,"column":38}},"19":{"start":{"line":35,"column":20},"end":{"line":35,"column":39}},"20":{"start":{"line":36,"column":4},"end":{"line":36,"column":30}},"21":{"start":{"line":37,"column":4},"end":{"line":37,"column":41}},"22":{"start":{"line":41,"column":4},"end":{"line":41,"column":22}},"23":{"start":{"line":49,"column":0},"end":{"line":57,"column":2}},"24":{"start":{"line":50,"column":2},"end":{"line":56,"column":3}},"25":{"start":{"line":51,"column":29},"end":{"line":51,"column":37}},"26":{"start":{"line":52,"column":20},"end":{"line":52,"column":122}},"27":{"start":{"line":53,"column":4},"end":{"line":53,"column":61}},"28":{"start":{"line":55,"column":4},"end":{"line":55,"column":22}},"29":{"start":{"line":63,"column":0},"end":{"line":73,"column":2}},"30":{"start":{"line":64,"column":2},"end":{"line":72,"column":3}},"31":{"start":{"line":65,"column":19},"end":{"line":65,"column":29}},"32":{"start":{"line":66,"column":19},"end":{"line":66,"column":27}},"33":{"start":{"line":67,"column":20},"end":{"line":67,"column":119}},"34":{"start":{"line":68,"column":4},"end":{"line":68,"column":106}},"35":{"start":{"line":68,"column":33},"end":{"line":68,"column":106}},"36":{"start":{"line":69,"column":4},"end":{"line":69,"column":49}},"37":{"start":{"line":71,"column":4},"end":{"line":71,"column":22}},"38":{"start":{"line":79,"column":0},"end":{"line":88,"column":2}},"39":{"start":{"line":80,"column":2},"end":{"line":87,"column":3}},"40":{"start":{"line":81,"column":19},"end":{"line":81,"column":29}},"41":{"start":{"line":82,"column":20},"end":{"line":82,"column":89}},"42":{"start":{"line":83,"column":4},"end":{"line":83,"column":106}},"43":{"start":{"line":83,"column":32},"end":{"line":83,"column":106}},"44":{"start":{"line":84,"column":4},"end":{"line":84,"column":38}},"45":{"start":{"line":86,"column":4},"end":{"line":86,"column":22}},"46":{"start":{"line":90,"column":0},"end":{"line":90,"column":24}}},"fnMap":{"0":{"name":"(anonymous_0)","decl":{"start":{"line":11,"column":16},"end":{"line":11,"column":17}},"loc":{"start":{"line":11,"column":43},"end":{"line":18,"column":1}},"line":11},"1":{"name":"(anonymous_1)","decl":{"start":{"line":23,"column":19},"end":{"line":23,"column":20}},"loc":{"start":{"line":23,"column":46},"end":{"line":43,"column":1}},"line":23},"2":{"name":"(anonymous_2)","decl":{"start":{"line":49,"column":17},"end":{"line":49,"column":18}},"loc":{"start":{"line":49,"column":44},"end":{"line":57,"column":1}},"line":49},"3":{"name":"(anonymous_3)","decl":{"start":{"line":63,"column":19},"end":{"line":63,"column":20}},"loc":{"start":{"line":63,"column":46},"end":{"line":73,"column":1}},"line":63},"4":{"name":"(anonymous_4)","decl":{"start":{"line":79,"column":22},"end":{"line":79,"column":23}},"loc":{"start":{"line":79,"column":49},"end":{"line":88,"column":1}},"line":79}},"branchMap":{"0":{"loc":{"start":{"line":27,"column":4},"end":{"line":27,"column":115}},"type":"if","locations":[{"start":{"line":27,"column":4},"end":{"line":27,"column":115}},{"start":{"line":27,"column":4},"end":{"line":27,"column":115}}],"line":27},"1":{"loc":{"start":{"line":68,"column":4},"end":{"line":68,"column":106}},"type":"if","locations":[{"start":{"line":68,"column":4},"end":{"line":68,"column":106}},{"start":{"line":68,"column":4},"end":{"line":68,"column":106}}],"line":68},"2":{"loc":{"start":{"line":83,"column":4},"end":{"line":83,"column":106}},"type":"if","locations":[{"start":{"line":83,"column":4},"end":{"line":83,"column":106}},{"start":{"line":83,"column":4},"end":{"line":83,"column":106}}],"line":83}},"s":{"0":2,"1":2,"2":2,"3":2,"4":2,"5":1,"6":1,"7":1,"8":0,"9":2,"10":2,"11":2,"12":2,"13":2,"14":1,"15":1,"16":1,"17":1,"18":1,"19":1,"20":1,"21":1,"22":1,"23":2,"24":1,"25":1,"26":1,"27":1,"28":0,"29":2,"30":1,"31":1,"32":1,"33":1,"34":1,"35":0,"36":1,"37":0,"38":2,"39":2,"40":2,"41":2,"42":2,"43":1,"44":1,"45":1,"46":2},"f":{"0":1,"1":2,"2":1,"3":1,"4":2},"b":{"0":[1,1],"1":[0,1],"2":[1,1]},"_coverageSchema":"1a1c01bbd47fc00a2c39e90264f33305004495a9","hash":"51ec69d284318e3d6a1e9de5566c05e503ebe6fe"}
}
