TN:
SF:app.js
FN:21,(anonymous_0)
FN:28,(anonymous_1)
FNF:2
FNH:1
FNDA:0,(anonymous_0)
FNDA:5,(anonymous_1)
DA:4,2
DA:6,2
DA:7,2
DA:9,2
DA:12,2
DA:13,2
DA:14,2
DA:15,2
DA:21,2
DA:22,0
DA:23,0
DA:28,2
DA:29,5
DA:31,5
DA:38,2
LF:15
LH:13
BRDA:29,0,0,5
BRDA:29,0,1,0
BRF:2
BRH:1
end_of_record
TN:
SF:db.js
FNF:0
FNH:0
DA:2,2
DA:5,2
DA:6,2
DA:9,0
DA:12,2
DA:16,2
DA:18,2
LF:7
LH:6
BRDA:5,0,0,2
BRDA:5,0,1,0
BRF:2
BRH:1
end_of_record
TN:
SF:expressError.js
FN:8,(anonymous_0)
FNF:1
FNH:1
FNDA:5,(anonymous_0)
DA:9,5
DA:10,5
DA:11,5
DA:17,2
LF:4
LH:4
BRF:0
BRH:0
end_of_record
TN:
SF:routes\companies.js
FN:10,(anonymous_0)
FN:22,(anonymous_1)
FN:44,(anonymous_2)
FN:56,(anonymous_3)
FN:70,(anonymous_4)
FN:86,(anonymous_5)
FNF:6
FNH:6
FNDA:1,(anonymous_0)
FNDA:1,(anonymous_1)
FNDA:1,(anonymous_2)
FNDA:1,(anonymous_3)
FNDA:3,(anonymous_4)
FNDA:2,(anonymous_5)
DA:1,2
DA:2,2
DA:3,2
DA:4,2
DA:10,2
DA:11,1
DA:12,1
DA:13,1
DA:15,0
DA:22,2
DA:23,1
DA:24,1
DA:26,1
DA:32,1
DA:39,1
DA:41,1
DA:42,1
DA:44,1
DA:46,1
DA:48,0
DA:56,2
DA:57,1
DA:58,1
DA:59,1
DA:60,1
DA:62,0
DA:70,2
DA:71,3
DA:72,3
DA:73,3
DA:74,3
DA:75,3
DA:76,1
DA:78,2
DA:86,2
DA:87,2
DA:88,2
DA:89,2
DA:90,2
DA:91,1
DA:93,1
DA:97,2
LF:42
LH:39
BRDA:39,0,0,0
BRDA:39,0,1,1
BRDA:75,1,0,2
BRDA:75,1,1,1
BRDA:90,2,0,1
BRDA:90,2,1,1
BRF:6
BRH:5
end_of_record
TN:
SF:routes\invoices.js
FN:11,(anonymous_0)
FN:23,(anonymous_1)
FN:49,(anonymous_2)
FN:63,(anonymous_3)
FN:79,(anonymous_4)
FNF:5
FNH:5
FNDA:1,(anonymous_0)
FNDA:2,(anonymous_1)
FNDA:1,(anonymous_2)
FNDA:1,(anonymous_3)
FNDA:2,(anonymous_4)
DA:2,2
DA:3,2
DA:4,2
DA:5,2
DA:11,2
DA:12,1
DA:13,1
DA:14,1
DA:16,0
DA:23,2
DA:24,2
DA:25,2
DA:26,2
DA:27,2
DA:29,1
DA:30,1
DA:31,1
DA:34,1
DA:35,1
DA:36,1
DA:37,1
DA:41,1
DA:49,2
DA:50,1
DA:51,1
DA:52,1
DA:53,1
DA:55,0
DA:63,2
DA:64,1
DA:65,1
DA:66,1
DA:67,1
DA:68,1
DA:69,1
DA:71,0
DA:79,2
DA:80,2
DA:81,2
DA:82,2
DA:83,2
DA:84,1
DA:86,1
DA:90,2
LF:44
LH:41
BRDA:27,0,0,1
BRDA:27,0,1,1
BRDA:68,1,0,0
BRDA:68,1,1,1
BRDA:83,2,0,1
BRDA:83,2,1,1
BRF:6
BRH:5
end_of_record
